<?xml version="1.0" encoding="UTF-8"?>
<!-- Generated by org.testng.reporters.JUnitReportReporter -->
<testsuite hostname="DESKTOP-P3KF5V5" failures="0" tests="1" name="Maven.vtiger.LoginTest" time="13.975" errors="0" timestamp="2022-03-28T17:24:26 IST" skipped="0">
  <testcase classname="Maven.vtiger.LoginTest" name="logInToApp" time="13.975"/>
  <system-out/>
</testsuite> <!-- Maven.vtiger.LoginTest -->
