<?xml version="1.0" encoding="UTF-8"?>
<!-- Generated by org.testng.reporters.JUnitReportReporter -->
<testsuite hostname="DESKTOP-P3KF5V5" failures="0" tests="1" name="Maven.vtiger.ParameterTest" time="0.014" errors="0" timestamp="2022-03-23T14:54:02 IST" skipped="0">
  <testcase classname="Maven.vtiger.ParameterTest" name="getData" time="0.014"/>
  <system-out/>
</testsuite> <!-- Maven.vtiger.ParameterTest -->
